<?xml version="1.0" encoding="UTF-8"?>
<!-- Generated by org.testng.reporters.JUnitXMLReporter -->
<testsuite ignored="0" hostname="PSP" failures="1" tests="6" name="ChromeTest" time="65.723" errors="0" timestamp="2021-07-14T16:55:43 IST">
  <testcase classname="org.test.groww.TestHomePageContentPrint" name="@AfterMethod logoutGroww" time="0.17">
    <failure type="org.openqa.selenium.NoSuchWindowException" message="no such window: target window already closed
from unknown error: web view not found
  (Session info: chrome=91.0.4472.124)
Build info: version: &amp;apos;3.141.59&amp;apos;, revision: &amp;apos;e82be7d358&amp;apos;, time: &amp;apos;2018-11-14T08:17:03&amp;apos;
System info: host: &amp;apos;PSP&amp;apos;, ip: &amp;apos;192.168.0.225&amp;apos;, os.name: &amp;apos;Windows 10&amp;apos;, os.arch: &amp;apos;amd64&amp;apos;, os.version: &amp;apos;10.0&amp;apos;, java.version: &amp;apos;16.0.1&amp;apos;
Driver info: org.openqa.selenium.chrome.ChromeDriver
Capabilities {acceptInsecureCerts: false, browserName: chrome, browserVersion: 91.0.4472.124, chrome: {chromedriverVersion: 90.0.4430.24 (4c6d850f087da..., userDataDir: C:\Users\prati\AppData\Loca...}, goog:chromeOptions: {debuggerAddress: localhost:65141}, javascriptEnabled: true, networkConnectionEnabled: false, pageLoadStrategy: normal, platform: WINDOWS, platformName: WINDOWS, proxy: Proxy(), setWindowRect: true, strictFileInteractability: false, timeouts: {implicit: 0, pageLoad: 300000, script: 30000}, unhandledPromptBehavior: dismiss and notify, webauthn:extension:largeBlob: true, webauthn:virtualAuthenticators: true}
Session ID: 9a016311e4ac29a561a9dc2bfb12142b">
      <![CDATA[org.openqa.selenium.NoSuchWindowException: no such window: target window already closed
from unknown error: web view not found
  (Session info: chrome=91.0.4472.124)
Build info: version: '3.141.59', revision: 'e82be7d358', time: '2018-11-14T08:17:03'
System info: host: 'PSP', ip: '192.168.0.225', os.name: 'Windows 10', os.arch: 'amd64', os.version: '10.0', java.version: '16.0.1'
Driver info: org.openqa.selenium.chrome.ChromeDriver
Capabilities {acceptInsecureCerts: false, browserName: chrome, browserVersion: 91.0.4472.124, chrome: {chromedriverVersion: 90.0.4430.24 (4c6d850f087da..., userDataDir: C:\Users\prati\AppData\Loca...}, goog:chromeOptions: {debuggerAddress: localhost:65141}, javascriptEnabled: true, networkConnectionEnabled: false, pageLoadStrategy: normal, platform: WINDOWS, platformName: WINDOWS, proxy: Proxy(), setWindowRect: true, strictFileInteractability: false, timeouts: {implicit: 0, pageLoad: 300000, script: 30000}, unhandledPromptBehavior: dismiss and notify, webauthn:extension:largeBlob: true, webauthn:virtualAuthenticators: true}
Session ID: 9a016311e4ac29a561a9dc2bfb12142b
at org.openqa.selenium.remote.http.W3CHttpResponseCodec.createException(W3CHttpResponseCodec.java:187)
at org.openqa.selenium.remote.http.W3CHttpResponseCodec.decode(W3CHttpResponseCodec.java:122)
at org.openqa.selenium.remote.http.W3CHttpResponseCodec.decode(W3CHttpResponseCodec.java:49)
at org.openqa.selenium.remote.HttpCommandExecutor.execute(HttpCommandExecutor.java:158)
at org.openqa.selenium.remote.service.DriverCommandExecutor.execute(DriverCommandExecutor.java:83)
at org.openqa.selenium.remote.RemoteWebDriver.execute(RemoteWebDriver.java:552)
at org.openqa.selenium.remote.RemoteWebDriver.execute(RemoteWebDriver.java:609)
at org.openqa.selenium.remote.RemoteWebDriver.getScreenshotAs(RemoteWebDriver.java:295)
at org.utility.classes.TakesScreenShot_Selenium.takeScreenShot_FileName(TakesScreenShot_Selenium.java:35)
at org.test.groww.TestHomePageContentPrint.logoutGroww(TestHomePageContentPrint.java:145)
at java.base/java.util.ArrayList.forEach(ArrayList.java:1511)
... Removed 37 stack frames]]>
    </failure>
  </testcase> <!-- @AfterMethod logoutGroww -->
  <testcase classname="org.test.groww.TestHomePageContentPrint" name="@BeforeMethod growwLogin" time="-1.626261943129E9">
    <skipped/>
  </testcase> <!-- @BeforeMethod growwLogin -->
  <testcase classname="org.test.groww.TestHomePageContentPrint" name="@AfterMethod logoutGroww" time="-1.626261943144E9">
    <skipped/>
  </testcase> <!-- @AfterMethod logoutGroww -->
  <testcase classname="org.test.groww.TestHomePageContentPrint" name="@AfterClass objectDestroy" time="-1.626261943146E9">
    <skipped/>
  </testcase> <!-- @AfterClass objectDestroy -->
  <testcase classname="org.test.groww.TestHomePageContentPrint" name="@AfterTest afterTest" time="-1.626261943149E9">
    <skipped/>
  </testcase> <!-- @AfterTest afterTest -->
  <testcase classname="org.test.groww.TestLoginPage" name="@AfterTest closeBrowser" time="-1.62626194315E9">
    <skipped/>
  </testcase> <!-- @AfterTest closeBrowser -->
  <testcase classname="org.test.groww.TestLoginPage" name="verifygetStartedButton" time="0.753"/>
  <testcase classname="org.test.groww.TestLoginPage" name="verifyLoginButton" time="0.803"/>
  <testcase classname="org.test.groww.TestLoginPage" name="verifyLoginFunctionality" time="9.091"/>
  <testcase classname="org.test.groww.TestHomePageContentPrint" name="verifyStocksInNews" time="3.611"/>
  <testcase classname="org.test.groww.TestHomePageContentPrint" name="verifyTopGainers" time="15.678">
    <failure type="org.openqa.selenium.NoSuchElementException" message="Cannot locate an element using xpath=(//div[@class=&amp;apos;row&amp;apos;])[3]//div[@class=&amp;apos;col l12 valign-wrapper tpm667ListDiv&amp;apos;]//a[1]//div[2]//div[1]//div
For documentation on this error, please visit: https://www.seleniumhq.org/exceptions/no_such_element.html
Build info: version: &amp;apos;3.141.59&amp;apos;, revision: &amp;apos;e82be7d358&amp;apos;, time: &amp;apos;2018-11-14T08:17:03&amp;apos;
System info: host: &amp;apos;PSP&amp;apos;, ip: &amp;apos;192.168.0.225&amp;apos;, os.name: &amp;apos;Windows 10&amp;apos;, os.arch: &amp;apos;amd64&amp;apos;, os.version: &amp;apos;10.0&amp;apos;, java.version: &amp;apos;16.0.1&amp;apos;
Driver info: driver.version: RemoteWebDriver">
      <![CDATA[org.openqa.selenium.NoSuchElementException: Cannot locate an element using xpath=(//div[@class='row'])[3]//div[@class='col l12 valign-wrapper tpm667ListDiv']//a[1]//div[2]//div[1]//div
For documentation on this error, please visit: https://www.seleniumhq.org/exceptions/no_such_element.html
Build info: version: '3.141.59', revision: 'e82be7d358', time: '2018-11-14T08:17:03'
System info: host: 'PSP', ip: '192.168.0.225', os.name: 'Windows 10', os.arch: 'amd64', os.version: '10.0', java.version: '16.0.1'
Driver info: driver.version: RemoteWebDriver
at org.openqa.selenium.remote.RemoteWebDriver.findElement(RemoteWebDriver.java:327)
at org.openqa.selenium.remote.RemoteWebDriver.findElementByXPath(RemoteWebDriver.java:428)
at org.openqa.selenium.By$ByXPath.findElement(By.java:353)
at org.openqa.selenium.remote.RemoteWebDriver.findElement(RemoteWebDriver.java:315)
at org.pom.groww.HomePage.topGainers(HomePage.java:266)
at org.test.groww.TestHomePageContentPrint.verifyTopGainers(TestHomePageContentPrint.java:130)
at java.base/java.util.ArrayList.forEach(ArrayList.java:1511)
... Removed 27 stack frames]]>
    </failure>
  </testcase> <!-- verifyTopGainers -->
  <testcase classname="org.test.groww.TestHomePageContentPrint" name="verifyTopLosers" time="0.0">
    <skipped/>
  </testcase> <!-- verifyTopLosers -->
</testsuite> <!-- ChromeTest -->
