<?xml version="1.0" encoding="UTF-8"?>
<!-- Generated by org.testng.reporters.JUnitXMLReporter -->
<testsuite ignored="0" hostname="PSP" failures="0" tests="7" name="FireFoxTest" time="159.382" errors="0" timestamp="2021-07-14T16:38:33 IST">
  <testcase classname="org.test.groww.TestLoginPage" name="@BeforeMethod launchWebsite" time="15.029">
    <failure type="org.openqa.selenium.TimeoutException" message="TimedPromise timed out after 15000 ms
Build info: version: &amp;apos;3.141.59&amp;apos;, revision: &amp;apos;e82be7d358&amp;apos;, time: &amp;apos;2018-11-14T08:17:03&amp;apos;
System info: host: &amp;apos;PSP&amp;apos;, ip: &amp;apos;192.168.0.225&amp;apos;, os.name: &amp;apos;Windows 10&amp;apos;, os.arch: &amp;apos;amd64&amp;apos;, os.version: &amp;apos;10.0&amp;apos;, java.version: &amp;apos;16.0.1&amp;apos;
Driver info: org.openqa.selenium.firefox.FirefoxDriver
Capabilities {acceptInsecureCerts: true, browserName: firefox, browserVersion: 89.0.2, javascriptEnabled: true, moz:accessibilityChecks: false, moz:buildID: 20210622155641, moz:geckodriverVersion: 0.29.1, moz:headless: false, moz:processID: 3852, moz:profile: C:\Users\prati\AppData\Loca..., moz:shutdownTimeout: 60000, moz:useNonSpecCompliantPointerOrigin: false, moz:webdriverClick: true, pageLoadStrategy: normal, platform: WINDOWS, platformName: WINDOWS, platformVersion: 10.0, setWindowRect: true, strictFileInteractability: false, timeouts: {implicit: 0, pageLoad: 300000, script: 30000}, unhandledPromptBehavior: dismiss and notify}
Session ID: 71c4d211-fdf9-4d7f-8a98-0e7d15e1d8e7">
      <![CDATA[org.openqa.selenium.TimeoutException: TimedPromise timed out after 15000 ms
Build info: version: '3.141.59', revision: 'e82be7d358', time: '2018-11-14T08:17:03'
System info: host: 'PSP', ip: '192.168.0.225', os.name: 'Windows 10', os.arch: 'amd64', os.version: '10.0', java.version: '16.0.1'
Driver info: org.openqa.selenium.firefox.FirefoxDriver
Capabilities {acceptInsecureCerts: true, browserName: firefox, browserVersion: 89.0.2, javascriptEnabled: true, moz:accessibilityChecks: false, moz:buildID: 20210622155641, moz:geckodriverVersion: 0.29.1, moz:headless: false, moz:processID: 3852, moz:profile: C:\Users\prati\AppData\Loca..., moz:shutdownTimeout: 60000, moz:useNonSpecCompliantPointerOrigin: false, moz:webdriverClick: true, pageLoadStrategy: normal, platform: WINDOWS, platformName: WINDOWS, platformVersion: 10.0, setWindowRect: true, strictFileInteractability: false, timeouts: {implicit: 0, pageLoad: 300000, script: 30000}, unhandledPromptBehavior: dismiss and notify}
Session ID: 71c4d211-fdf9-4d7f-8a98-0e7d15e1d8e7
at org.openqa.selenium.remote.http.W3CHttpResponseCodec.createException(W3CHttpResponseCodec.java:187)
at org.openqa.selenium.remote.http.W3CHttpResponseCodec.decode(W3CHttpResponseCodec.java:122)
at org.openqa.selenium.remote.http.W3CHttpResponseCodec.decode(W3CHttpResponseCodec.java:49)
at org.openqa.selenium.remote.HttpCommandExecutor.execute(HttpCommandExecutor.java:158)
at org.openqa.selenium.remote.service.DriverCommandExecutor.execute(DriverCommandExecutor.java:83)
at org.openqa.selenium.remote.RemoteWebDriver.execute(RemoteWebDriver.java:552)
at org.openqa.selenium.remote.RemoteWebDriver.get(RemoteWebDriver.java:277)
at org.test.groww.TestLoginPage.launchWebsite(TestLoginPage.java:66)
at java.base/java.util.ArrayList.forEach(ArrayList.java:1511)
... Removed 36 stack frames]]>
    </failure>
  </testcase> <!-- @BeforeMethod launchWebsite -->
  <testcase classname="org.test.groww.TestLoginPage" name="@BeforeMethod beforeMethod" time="-1.62626086505E9">
    <skipped/>
  </testcase> <!-- @BeforeMethod beforeMethod -->
  <testcase classname="org.test.groww.TestLoginPage" name="@BeforeMethod launchWebsite" time="-1.626260865051E9">
    <skipped/>
  </testcase> <!-- @BeforeMethod launchWebsite -->
  <testcase classname="org.test.groww.TestLoginPage" name="@BeforeMethod beforeMethod" time="-1.626260865055E9">
    <skipped/>
  </testcase> <!-- @BeforeMethod beforeMethod -->
  <testcase classname="org.test.groww.TestLoginPage" name="@BeforeMethod launchWebsite" time="-1.626260865056E9">
    <skipped/>
  </testcase> <!-- @BeforeMethod launchWebsite -->
  <testcase classname="org.test.groww.TestLoginPage" name="@AfterClass objectDestroy" time="-1.626260865058E9">
    <skipped/>
  </testcase> <!-- @AfterClass objectDestroy -->
  <testcase classname="org.test.groww.TestBuyOrder" name="@BeforeClass createObject" time="19.049">
    <failure type="org.openqa.selenium.TimeoutException" message="TimedPromise timed out after 15000 ms
Build info: version: &amp;apos;3.141.59&amp;apos;, revision: &amp;apos;e82be7d358&amp;apos;, time: &amp;apos;2018-11-14T08:17:03&amp;apos;
System info: host: &amp;apos;PSP&amp;apos;, ip: &amp;apos;192.168.0.225&amp;apos;, os.name: &amp;apos;Windows 10&amp;apos;, os.arch: &amp;apos;amd64&amp;apos;, os.version: &amp;apos;10.0&amp;apos;, java.version: &amp;apos;16.0.1&amp;apos;
Driver info: org.openqa.selenium.firefox.FirefoxDriver
Capabilities {acceptInsecureCerts: true, browserName: firefox, browserVersion: 89.0.2, javascriptEnabled: true, moz:accessibilityChecks: false, moz:buildID: 20210622155641, moz:geckodriverVersion: 0.29.1, moz:headless: false, moz:processID: 14052, moz:profile: C:\Users\prati\AppData\Loca..., moz:shutdownTimeout: 60000, moz:useNonSpecCompliantPointerOrigin: false, moz:webdriverClick: true, pageLoadStrategy: normal, platform: WINDOWS, platformName: WINDOWS, platformVersion: 10.0, setWindowRect: true, strictFileInteractability: false, timeouts: {implicit: 0, pageLoad: 300000, script: 30000}, unhandledPromptBehavior: dismiss and notify}
Session ID: a1b8a5b0-b028-445b-8d76-28abe1798a90">
      <![CDATA[org.openqa.selenium.TimeoutException: TimedPromise timed out after 15000 ms
Build info: version: '3.141.59', revision: 'e82be7d358', time: '2018-11-14T08:17:03'
System info: host: 'PSP', ip: '192.168.0.225', os.name: 'Windows 10', os.arch: 'amd64', os.version: '10.0', java.version: '16.0.1'
Driver info: org.openqa.selenium.firefox.FirefoxDriver
Capabilities {acceptInsecureCerts: true, browserName: firefox, browserVersion: 89.0.2, javascriptEnabled: true, moz:accessibilityChecks: false, moz:buildID: 20210622155641, moz:geckodriverVersion: 0.29.1, moz:headless: false, moz:processID: 14052, moz:profile: C:\Users\prati\AppData\Loca..., moz:shutdownTimeout: 60000, moz:useNonSpecCompliantPointerOrigin: false, moz:webdriverClick: true, pageLoadStrategy: normal, platform: WINDOWS, platformName: WINDOWS, platformVersion: 10.0, setWindowRect: true, strictFileInteractability: false, timeouts: {implicit: 0, pageLoad: 300000, script: 30000}, unhandledPromptBehavior: dismiss and notify}
Session ID: a1b8a5b0-b028-445b-8d76-28abe1798a90
at org.openqa.selenium.remote.http.W3CHttpResponseCodec.createException(W3CHttpResponseCodec.java:187)
at org.openqa.selenium.remote.http.W3CHttpResponseCodec.decode(W3CHttpResponseCodec.java:122)
at org.openqa.selenium.remote.http.W3CHttpResponseCodec.decode(W3CHttpResponseCodec.java:49)
at org.openqa.selenium.remote.HttpCommandExecutor.execute(HttpCommandExecutor.java:158)
at org.openqa.selenium.remote.service.DriverCommandExecutor.execute(DriverCommandExecutor.java:83)
at org.openqa.selenium.remote.RemoteWebDriver.execute(RemoteWebDriver.java:552)
at org.openqa.selenium.remote.RemoteWebDriver.get(RemoteWebDriver.java:277)
at org.test.groww.TestBuyOrder.createObject(TestBuyOrder.java:101)
at java.base/java.util.ArrayList.forEach(ArrayList.java:1511)
... Removed 30 stack frames]]>
    </failure>
  </testcase> <!-- @BeforeClass createObject -->
  <testcase classname="org.test.groww.TestBuyOrder" name="@BeforeMethod loginGrowwWebsite" time="-1.626260913318E9">
    <skipped/>
  </testcase> <!-- @BeforeMethod loginGrowwWebsite -->
  <testcase classname="org.test.groww.TestBuyOrder" name="@AfterMethod logoutGroww" time="-1.62626091332E9">
    <skipped/>
  </testcase> <!-- @AfterMethod logoutGroww -->
  <testcase classname="org.test.groww.TestBuyOrder" name="@AfterClass objectDestroy" time="-1.62626091332E9">
    <skipped/>
  </testcase> <!-- @AfterClass objectDestroy -->
  <testcase classname="org.test.groww.TestBuyOrder" name="@AfterTest closeBrowser" time="-1.626260913321E9">
    <skipped/>
  </testcase> <!-- @AfterTest closeBrowser -->
  <testcase classname="org.test.groww.TestHomePageContentPrint" name="@AfterTest afterTest" time="-1.626260913322E9">
    <skipped/>
  </testcase> <!-- @AfterTest afterTest -->
  <testcase classname="org.test.groww.TestLoginPage" name="@AfterTest closeBrowser" time="-1.626260913322E9">
    <skipped/>
  </testcase> <!-- @AfterTest closeBrowser -->
  <testcase classname="org.test.groww.TestLoginPage" name="verifygetStartedButton" time="0.0">
    <skipped/>
  </testcase> <!-- verifygetStartedButton -->
  <testcase classname="org.test.groww.TestLoginPage" name="verifyLoginButton" time="0.0">
    <skipped/>
  </testcase> <!-- verifyLoginButton -->
  <testcase classname="org.test.groww.TestLoginPage" name="verifyLoginFunctionality" time="0.0">
    <skipped/>
  </testcase> <!-- verifyLoginFunctionality -->
  <testcase classname="org.test.groww.TestHomePageContentPrint" name="verifyStocksInNews" time="1.564"/>
  <testcase classname="org.test.groww.TestHomePageContentPrint" name="verifyTopGainers" time="1.355"/>
  <testcase classname="org.test.groww.TestHomePageContentPrint" name="verifyTopLosers" time="2.097"/>
  <testcase classname="org.test.groww.TestBuyOrder" name="verifyStockOrderFunctionality" time="0.0">
    <skipped/>
  </testcase> <!-- verifyStockOrderFunctionality -->
</testsuite> <!-- FireFoxTest -->
