<?xml version="1.0" encoding="UTF-8"?>
<!-- Generated by org.testng.reporters.JUnitXMLReporter -->
<testsuite ignored="0" hostname="PSP" failures="0" tests="3" name="Default test" time="0.07" errors="0" timestamp="2021-07-14T16:31:22 IST">
  <testcase classname="org.test.groww.TestHomePageContentPrint" name="@BeforeTest launchBrowser" time="-1.626260482742E9">
    <failure type="org.testng.TestNGException" message="
Parameter &amp;apos;browser&amp;apos; is required by BeforeTest on method launchBrowser but has not been marked @Optional or defined
in C:\Users\prati\AppData\Local\Temp\testng-eclipse--975541070\testng-customsuite.xml">
      <![CDATA[org.testng.TestNGException: 
Parameter 'browser' is required by BeforeTest on method launchBrowser but has not been marked @Optional or defined
in C:\Users\prati\AppData\Local\Temp\testng-eclipse--975541070\testng-customsuite.xml
at org.testng.internal.Parameters.createParams(Parameters.java:270)
at org.testng.internal.Parameters.createParametersForMethod(Parameters.java:358)
at org.testng.internal.Parameters.createParameters(Parameters.java:700)
at org.testng.internal.Parameters.createConfigurationParameters(Parameters.java:168)
at org.testng.internal.ConfigInvoker.invokeConfigurations(ConfigInvoker.java:302)
at org.testng.TestRunner.invokeTestConfigurations(TestRunner.java:637)
at org.testng.TestRunner.beforeRun(TestRunner.java:627)
at org.testng.TestRunner.run(TestRunner.java:589)
at org.testng.SuiteRunner.runTest(SuiteRunner.java:377)
at org.testng.SuiteRunner.runSequentially(SuiteRunner.java:371)
at org.testng.SuiteRunner.privateRun(SuiteRunner.java:332)
at org.testng.SuiteRunner.run(SuiteRunner.java:276)
at org.testng.SuiteRunnerWorker.runSuite(SuiteRunnerWorker.java:53)
at org.testng.SuiteRunnerWorker.run(SuiteRunnerWorker.java:96)
at org.testng.TestNG.runSuitesSequentially(TestNG.java:1212)
at org.testng.TestNG.runSuitesLocally(TestNG.java:1134)
at org.testng.TestNG.runSuites(TestNG.java:1063)
at org.testng.TestNG.run(TestNG.java:1031)
at org.testng.remote.AbstractRemoteTestNG.run(AbstractRemoteTestNG.java:115)
at org.testng.remote.RemoteTestNG.initAndRun(RemoteTestNG.java:251)
at org.testng.remote.RemoteTestNG.main(RemoteTestNG.java:77)
]]>
    </failure>
  </testcase> <!-- @BeforeTest launchBrowser -->
  <testcase classname="org.test.groww.TestHomePageContentPrint" name="@BeforeClass createObject" time="-1.626260482772E9">
    <skipped/>
  </testcase> <!-- @BeforeClass createObject -->
  <testcase classname="org.test.groww.TestHomePageContentPrint" name="@BeforeMethod growwLogin" time="-1.626260482786E9">
    <skipped/>
  </testcase> <!-- @BeforeMethod growwLogin -->
  <testcase classname="org.test.groww.TestHomePageContentPrint" name="@AfterMethod logoutGroww" time="-1.626260482793E9">
    <skipped/>
  </testcase> <!-- @AfterMethod logoutGroww -->
  <testcase classname="org.test.groww.TestHomePageContentPrint" name="@BeforeMethod growwLogin" time="-1.626260482796E9">
    <skipped/>
  </testcase> <!-- @BeforeMethod growwLogin -->
  <testcase classname="org.test.groww.TestHomePageContentPrint" name="@AfterMethod logoutGroww" time="-1.626260482801E9">
    <skipped/>
  </testcase> <!-- @AfterMethod logoutGroww -->
  <testcase classname="org.test.groww.TestHomePageContentPrint" name="@BeforeMethod growwLogin" time="-1.626260482802E9">
    <skipped/>
  </testcase> <!-- @BeforeMethod growwLogin -->
  <testcase classname="org.test.groww.TestHomePageContentPrint" name="@AfterMethod logoutGroww" time="-1.626260482805E9">
    <skipped/>
  </testcase> <!-- @AfterMethod logoutGroww -->
  <testcase classname="org.test.groww.TestHomePageContentPrint" name="@AfterClass objectDestroy" time="-1.626260482806E9">
    <skipped/>
  </testcase> <!-- @AfterClass objectDestroy -->
  <testcase classname="org.test.groww.TestHomePageContentPrint" name="@AfterTest afterTest" time="-1.626260482807E9">
    <skipped/>
  </testcase> <!-- @AfterTest afterTest -->
  <testcase classname="org.test.groww.TestHomePageContentPrint" name="verifyStocksInNews" time="0.0">
    <skipped/>
  </testcase> <!-- verifyStocksInNews -->
  <testcase classname="org.test.groww.TestHomePageContentPrint" name="verifyTopGainers" time="0.0">
    <skipped/>
  </testcase> <!-- verifyTopGainers -->
  <testcase classname="org.test.groww.TestHomePageContentPrint" name="verifyTopLosers" time="0.0">
    <skipped/>
  </testcase> <!-- verifyTopLosers -->
</testsuite> <!-- Default test -->
