<!DOCTYPE html PUBLIC "-//W3C//DTD XHTML 1.1//EN" "https://www.w3.org/TR/xhtml11/DTD/xhtml11.dtd">
<html xmlns="https://www.w3.org/1999/xhtml">
<head>
<meta http-equiv="content-type" content="text/html; charset=UTF-8"/>
<title>TestNG Report</title>
<style type="text/css">table {margin-bottom:10px;border-collapse:collapse;empty-cells:show}th,td {border:1px solid #009;padding:.25em .5em}th {vertical-align:bottom}td {vertical-align:top}table a {font-weight:bold}.stripe td {background-color: #E6EBF9}.num {text-align:right}.passedodd td {background-color: #3F3}.passedeven td {background-color: #0A0}.skippedodd td {background-color: #DDD}.skippedeven td {background-color: #CCC}.failedodd td,.attn {background-color: #F33}.failedeven td,.stripe .attn {background-color: #D00}.stacktrace {white-space:pre;font-family:monospace}.totop {font-size:85%;text-align:center;border-bottom:2px solid #000}.invisible {display:none}</style>
</head>
<body>
<table>
<tr><th>Test</th><th># Passed</th><th># Skipped</th><th># Retried</th><th># Failed</th><th>Time (ms)</th><th>Included Groups</th><th>Excluded Groups</th></tr>
<tr><th colspan="8">Suite</th></tr>
<tr><td><a href="#t0">ChromeTest</a></td><td class="num">4</td><td class="num attn">1</td><td class="num">0</td><td class="num attn">1</td><td class="num">65,723</td><td></td><td></td></tr>
</table>
<table id='summary'><thead><tr><th>Class</th><th>Method</th><th>Start</th><th>Time (ms)</th></tr></thead><tbody><tr><th colspan="4">Suite</th></tr></tbody><tbody id="t0"><tr><th colspan="4">ChromeTest &#8212; failed (configuration methods)</th></tr><tr class="failedeven"><td rowspan="1">org.test.groww.TestHomePageContentPrint</td><td><a href="#m0">logoutGroww</a></td><td rowspan="1">1626261942950</td><td rowspan="1">170</td></tr><tr><th colspan="4">ChromeTest &#8212; failed</th></tr><tr class="failedeven"><td rowspan="1">org.test.groww.TestHomePageContentPrint</td><td><a href="#m1">verifyTopGainers</a></td><td rowspan="1">1626261927255</td><td rowspan="1">15678</td></tr><tr><th colspan="4">ChromeTest &#8212; skipped (configuration methods)</th></tr><tr class="skippedeven"><td rowspan="5">org.test.groww.TestHomePageContentPrint</td><td><a href="#m2">afterSuite</a></td><td rowspan="1">1626261943283</td><td rowspan="1">-1626261943283</td></tr><tr class="skippedeven"><td><a href="#m3">afterTest</a></td><td rowspan="1">1626261943149</td><td rowspan="1">-1626261943149</td></tr><tr class="skippedeven"><td><a href="#m4">growwLogin</a></td><td rowspan="1">1626261943129</td><td rowspan="1">-1626261943129</td></tr><tr class="skippedeven"><td><a href="#m5">logoutGroww</a></td><td rowspan="1">1626261943144</td><td rowspan="1">-1626261943144</td></tr><tr class="skippedeven"><td><a href="#m6">objectDestroy</a></td><td rowspan="1">1626261943146</td><td rowspan="1">-1626261943146</td></tr><tr class="skippedodd"><td rowspan="1">org.test.groww.TestLoginPage</td><td><a href="#m7">closeBrowser</a></td><td rowspan="1">1626261943150</td><td rowspan="1">-1626261943150</td></tr><tr><th colspan="4">ChromeTest &#8212; skipped</th></tr><tr class="skippedeven"><td rowspan="1">org.test.groww.TestHomePageContentPrint</td><td><a href="#m8">verifyTopLosers</a></td><td rowspan="1">1626261943134</td><td rowspan="1">0</td></tr><tr><th colspan="4">ChromeTest &#8212; passed</th></tr><tr class="passedeven"><td rowspan="1">org.test.groww.TestHomePageContentPrint</td><td><a href="#m9">verifyStocksInNews</a></td><td rowspan="1">1626261919245</td><td rowspan="1">3611</td></tr><tr class="passedodd"><td rowspan="3">org.test.groww.TestLoginPage</td><td><a href="#m10">verifyLoginButton</a></td><td rowspan="1">1626261892326</td><td rowspan="1">803</td></tr><tr class="passedodd"><td><a href="#m11">verifyLoginFunctionality</a></td><td rowspan="1">1626261894793</td><td rowspan="1">9091</td></tr><tr class="passedodd"><td><a href="#m12">verifygetStartedButton</a></td><td rowspan="1">1626261889806</td><td rowspan="1">753</td></tr></tbody>
</table>
<h2>ChromeTest</h2><h3 id="m0">org.test.groww.TestHomePageContentPrint#logoutGroww</h3><table class="result"><tr class="param"><th>Parameter #1</th></tr><tr class="param stripe"><td>[TestResult name=verifyTopGainers status=FAILURE method=TestHomePageContentPrint.verifyTopGainers()[pri:2, instance:org.test.groww.TestHomePageContentPrint@660acfb] output={null}]</td></tr><tr><th>Exception</th></tr><tr><td><div class="stacktrace">org.openqa.selenium.NoSuchWindowException: no such window: target window already closed
from unknown error: web view not found
  (Session info: chrome=91.0.4472.124)
Build info: version: &apos;3.141.59&apos;, revision: &apos;e82be7d358&apos;, time: &apos;2018-11-14T08:17:03&apos;
System info: host: &apos;PSP&apos;, ip: &apos;192.168.0.225&apos;, os.name: &apos;Windows 10&apos;, os.arch: &apos;amd64&apos;, os.version: &apos;10.0&apos;, java.version: &apos;16.0.1&apos;
Driver info: org.openqa.selenium.chrome.ChromeDriver
Capabilities {acceptInsecureCerts: false, browserName: chrome, browserVersion: 91.0.4472.124, chrome: {chromedriverVersion: 90.0.4430.24 (4c6d850f087da..., userDataDir: C:\Users\prati\AppData\Loca...}, goog:chromeOptions: {debuggerAddress: localhost:65141}, javascriptEnabled: true, networkConnectionEnabled: false, pageLoadStrategy: normal, platform: WINDOWS, platformName: WINDOWS, proxy: Proxy(), setWindowRect: true, strictFileInteractability: false, timeouts: {implicit: 0, pageLoad: 300000, script: 30000}, unhandledPromptBehavior: dismiss and notify, webauthn:extension:largeBlob: true, webauthn:virtualAuthenticators: true}
Session ID: 9a016311e4ac29a561a9dc2bfb12142b
	at org.openqa.selenium.remote.http.W3CHttpResponseCodec.createException(W3CHttpResponseCodec.java:187)
	at org.openqa.selenium.remote.http.W3CHttpResponseCodec.decode(W3CHttpResponseCodec.java:122)
	at org.openqa.selenium.remote.http.W3CHttpResponseCodec.decode(W3CHttpResponseCodec.java:49)
	at org.openqa.selenium.remote.HttpCommandExecutor.execute(HttpCommandExecutor.java:158)
	at org.openqa.selenium.remote.service.DriverCommandExecutor.execute(DriverCommandExecutor.java:83)
	at org.openqa.selenium.remote.RemoteWebDriver.execute(RemoteWebDriver.java:552)
	at org.openqa.selenium.remote.RemoteWebDriver.execute(RemoteWebDriver.java:609)
	at org.openqa.selenium.remote.RemoteWebDriver.getScreenshotAs(RemoteWebDriver.java:295)
	at org.utility.classes.TakesScreenShot_Selenium.takeScreenShot_FileName(TakesScreenShot_Selenium.java:35)
	at org.test.groww.TestHomePageContentPrint.logoutGroww(TestHomePageContentPrint.java:145)
	at java.base/java.util.ArrayList.forEach(ArrayList.java:1511)
... Removed 37 stack frames</div></td></tr></table><p class="totop"><a href="#summary">back to summary</a></p>
<h3 id="m1">org.test.groww.TestHomePageContentPrint#verifyTopGainers</h3><table class="result"><tr><th>Exception</th></tr><tr><td><div class="stacktrace">org.openqa.selenium.NoSuchElementException: Cannot locate an element using xpath=(//div[@class=&apos;row&apos;])[3]//div[@class=&apos;col l12 valign-wrapper tpm667ListDiv&apos;]//a[1]//div[2]//div[1]//div
For documentation on this error, please visit: https://www.seleniumhq.org/exceptions/no_such_element.html
Build info: version: &apos;3.141.59&apos;, revision: &apos;e82be7d358&apos;, time: &apos;2018-11-14T08:17:03&apos;
System info: host: &apos;PSP&apos;, ip: &apos;192.168.0.225&apos;, os.name: &apos;Windows 10&apos;, os.arch: &apos;amd64&apos;, os.version: &apos;10.0&apos;, java.version: &apos;16.0.1&apos;
Driver info: driver.version: RemoteWebDriver
	at org.openqa.selenium.remote.RemoteWebDriver.findElement(RemoteWebDriver.java:327)
	at org.openqa.selenium.remote.RemoteWebDriver.findElementByXPath(RemoteWebDriver.java:428)
	at org.openqa.selenium.By$ByXPath.findElement(By.java:353)
	at org.openqa.selenium.remote.RemoteWebDriver.findElement(RemoteWebDriver.java:315)
	at org.pom.groww.HomePage.topGainers(HomePage.java:266)
	at org.test.groww.TestHomePageContentPrint.verifyTopGainers(TestHomePageContentPrint.java:130)
	at java.base/java.util.ArrayList.forEach(ArrayList.java:1511)
... Removed 27 stack frames</div></td></tr></table><p class="totop"><a href="#summary">back to summary</a></p>
<h3 id="m2">org.test.groww.TestHomePageContentPrint#afterSuite</h3><table class="result"><tr><th class="invisible"/></tr></table><p class="totop"><a href="#summary">back to summary</a></p>
<h3 id="m3">org.test.groww.TestHomePageContentPrint#afterTest</h3><table class="result"><tr><th class="invisible"/></tr></table><p class="totop"><a href="#summary">back to summary</a></p>
<h3 id="m4">org.test.groww.TestHomePageContentPrint#growwLogin</h3><table class="result"><tr><th class="invisible"/></tr></table><p class="totop"><a href="#summary">back to summary</a></p>
<h3 id="m5">org.test.groww.TestHomePageContentPrint#logoutGroww</h3><table class="result"><tr><th class="invisible"/></tr></table><p class="totop"><a href="#summary">back to summary</a></p>
<h3 id="m6">org.test.groww.TestHomePageContentPrint#objectDestroy</h3><table class="result"><tr><th class="invisible"/></tr></table><p class="totop"><a href="#summary">back to summary</a></p>
<h3 id="m7">org.test.groww.TestLoginPage#closeBrowser</h3><table class="result"><tr><th class="invisible"/></tr></table><p class="totop"><a href="#summary">back to summary</a></p>
<h3 id="m8">org.test.groww.TestHomePageContentPrint#verifyTopLosers</h3><table class="result"><tr><th>Exception</th></tr><tr><td><div class="stacktrace">org.openqa.selenium.NoSuchWindowException: no such window: target window already closed
from unknown error: web view not found
  (Session info: chrome=91.0.4472.124)
Build info: version: &apos;3.141.59&apos;, revision: &apos;e82be7d358&apos;, time: &apos;2018-11-14T08:17:03&apos;
System info: host: &apos;PSP&apos;, ip: &apos;192.168.0.225&apos;, os.name: &apos;Windows 10&apos;, os.arch: &apos;amd64&apos;, os.version: &apos;10.0&apos;, java.version: &apos;16.0.1&apos;
Driver info: org.openqa.selenium.chrome.ChromeDriver
Capabilities {acceptInsecureCerts: false, browserName: chrome, browserVersion: 91.0.4472.124, chrome: {chromedriverVersion: 90.0.4430.24 (4c6d850f087da..., userDataDir: C:\Users\prati\AppData\Loca...}, goog:chromeOptions: {debuggerAddress: localhost:65141}, javascriptEnabled: true, networkConnectionEnabled: false, pageLoadStrategy: normal, platform: WINDOWS, platformName: WINDOWS, proxy: Proxy(), setWindowRect: true, strictFileInteractability: false, timeouts: {implicit: 0, pageLoad: 300000, script: 30000}, unhandledPromptBehavior: dismiss and notify, webauthn:extension:largeBlob: true, webauthn:virtualAuthenticators: true}
Session ID: 9a016311e4ac29a561a9dc2bfb12142b
	at org.openqa.selenium.remote.http.W3CHttpResponseCodec.createException(W3CHttpResponseCodec.java:187)
	at org.openqa.selenium.remote.http.W3CHttpResponseCodec.decode(W3CHttpResponseCodec.java:122)
	at org.openqa.selenium.remote.http.W3CHttpResponseCodec.decode(W3CHttpResponseCodec.java:49)
	at org.openqa.selenium.remote.HttpCommandExecutor.execute(HttpCommandExecutor.java:158)
	at org.openqa.selenium.remote.service.DriverCommandExecutor.execute(DriverCommandExecutor.java:83)
	at org.openqa.selenium.remote.RemoteWebDriver.execute(RemoteWebDriver.java:552)
	at org.openqa.selenium.remote.RemoteWebDriver.execute(RemoteWebDriver.java:609)
	at org.openqa.selenium.remote.RemoteWebDriver.getScreenshotAs(RemoteWebDriver.java:295)
	at org.utility.classes.TakesScreenShot_Selenium.takeScreenShot_FileName(TakesScreenShot_Selenium.java:35)
	at org.test.groww.TestHomePageContentPrint.logoutGroww(TestHomePageContentPrint.java:145)
	at java.base/java.util.ArrayList.forEach(ArrayList.java:1511)
... Removed 37 stack frames</div></td></tr></table><p class="totop"><a href="#summary">back to summary</a></p>
<h3 id="m9">org.test.groww.TestHomePageContentPrint#verifyStocksInNews</h3><table class="result"><tr><th class="invisible"/></tr></table><p class="totop"><a href="#summary">back to summary</a></p>
<h3 id="m10">org.test.groww.TestLoginPage#verifyLoginButton</h3><table class="result"><tr><th class="invisible"/></tr></table><p class="totop"><a href="#summary">back to summary</a></p>
<h3 id="m11">org.test.groww.TestLoginPage#verifyLoginFunctionality</h3><table class="result"><tr><th class="invisible"/></tr></table><p class="totop"><a href="#summary">back to summary</a></p>
<h3 id="m12">org.test.groww.TestLoginPage#verifygetStartedButton</h3><table class="result"><tr><th class="invisible"/></tr></table><p class="totop"><a href="#summary">back to summary</a></p>
</body>
</html>
